  SVG_2.cpp
C:\Users\Rosi Deyanova\source\repos\SVG_2\SVG_2\String.h(107,31): warning C4018: '<': signed/unsigned mismatch
C:\Users\Rosi Deyanova\source\repos\SVG_2\SVG_2\String.h(336,31): warning C4267: 'argument': conversion from 'size_t' to 'char', possible loss of data
C:\Users\Rosi Deyanova\source\repos\SVG_2\SVG_2\functions.h(20,24): warning C4018: '<': signed/unsigned mismatch
C:\Users\Rosi Deyanova\source\repos\SVG_2\SVG_2\Vector.h(142,20): warning C4018: '<': signed/unsigned mismatch
C:\Users\Rosi Deyanova\source\repos\SVG_2\SVG_2\Vector.h(138): message : while compiling class template member function 'Vector<String> &Vector<String>::push_back(const T &)'
          with
          [
              T=String
          ]
C:\Users\Rosi Deyanova\source\repos\SVG_2\SVG_2\String.h(127): message : see reference to function template instantiation 'Vector<String> &Vector<String>::push_back(const T &)' being compiled
          with
          [
              T=String
          ]
C:\Users\Rosi Deyanova\source\repos\SVG_2\SVG_2\String.h(117): message : see reference to class template instantiation 'Vector<String>' being compiled
C:\Users\Rosi Deyanova\source\repos\SVG_2\SVG_2\Vector.h(55,20): warning C4018: '<': signed/unsigned mismatch
C:\Users\Rosi Deyanova\source\repos\SVG_2\SVG_2\Vector.h(52): message : while compiling class template member function 'void Vector<String>::resize(void)'
C:\Users\Rosi Deyanova\source\repos\SVG_2\SVG_2\Vector.h(139): message : see reference to function template instantiation 'void Vector<String>::resize(void)' being compiled
C:\Users\Rosi Deyanova\source\repos\SVG_2\SVG_2\Vector.h(91): message : while compiling class template member function 'Vector<String>::Vector(const Vector<String> &)'
C:\Users\Rosi Deyanova\source\repos\SVG_2\SVG_2\String.h(131): message : see reference to function template instantiation 'Vector<String>::Vector(const Vector<String> &)' being compiled
C:\Users\Rosi Deyanova\source\repos\SVG_2\SVG_2\Vector.h(69,20): warning C4018: '<': signed/unsigned mismatch
C:\Users\Rosi Deyanova\source\repos\SVG_2\SVG_2\Vector.h(65): message : while compiling class template member function 'void Vector<String>::copy(const Vector<String> &)'
C:\Users\Rosi Deyanova\source\repos\SVG_2\SVG_2\Vector.h(92): message : see reference to function template instantiation 'void Vector<String>::copy(const Vector<String> &)' being compiled
  SVG_2.vcxproj -> C:\Users\Rosi Deyanova\source\repos\SVG_2\Debug\SVG_2.exe
